<?xml version="1.0" encoding="UTF-8"?>
<!-- Generated by org.testng.reporters.JUnitReportReporter -->
<testsuite hostname="noahyang-PC0" name="com.molo.ws.webservicesTest" tests="1" failures="0" timestamp="12 Jan 2015 09:28:58 GMT" time="2.088" errors="0">
  <testcase name="getDockSearchFacePlateMsg_isOk" time="2.088" classname="com.molo.ws.webservicesTest"/>
</testsuite> <!-- com.molo.ws.webservicesTest -->
