<?xml version="1.0" encoding="UTF-8"?>
<!-- Generated by org.testng.reporters.JUnitReportReporter -->
<testsuite hostname="noahyang-PC0" name="com.molo.taftest.DeviceIdentify" tests="1" failures="0" timestamp="2 Dec 2014 10:15:07 GMT" time="0.393" errors="0">
  <testcase name="DeviceIdentify_isOk" time="0.393" classname="com.molo.taftest.DeviceIdentify"/>
</testsuite> <!-- com.molo.taftest.DeviceIdentify -->
