<?xml version="1.0" encoding="UTF-8"?>
<!-- Generated by org.testng.reporters.JUnitReportReporter -->
<testsuite hostname="noahyang-PC0" name="com.molo.taftest.DeviceDriverTest" tests="1" failures="0" timestamp="4 Dec 2014 07:29:00 GMT" time="0.362" errors="0">
  <testcase name="ConnDeviceDriver_isOk" time="0.362" classname="com.molo.taftest.DeviceDriverTest"/>
</testsuite> <!-- com.molo.taftest.DeviceDriverTest -->
