<?xml version="1.0" encoding="UTF-8"?>
<!-- Generated by org.testng.reporters.JUnitReportReporter -->
<testsuite hostname="noahyang-PC0" name="com.molo.test.m5.AppDatailTest" tests="10" failures="0" timestamp="21 Nov 2014 06:43:12 GMT" time="2.584" errors="0">
  <testcase name="authorapp_isOk" time="0.612" classname="com.molo.test.m5.AppDatailTest"/>
  <testcase name="authorapp_isOk" time="0.259" classname="com.molo.test.m5.AppDatailTest"/>
  <testcase name="authorapp_isOk" time="0.190" classname="com.molo.test.m5.AppDatailTest"/>
  <testcase name="authorapp_isOk" time="0.263" classname="com.molo.test.m5.AppDatailTest"/>
  <testcase name="authorapp_isOk" time="0.182" classname="com.molo.test.m5.AppDatailTest"/>
  <testcase name="authorapp_isOk" time="0.252" classname="com.molo.test.m5.AppDatailTest"/>
  <testcase name="authorapp_isOk" time="0.190" classname="com.molo.test.m5.AppDatailTest"/>
  <testcase name="authorapp_isOk" time="0.189" classname="com.molo.test.m5.AppDatailTest"/>
  <testcase name="authorapp_isOk" time="0.252" classname="com.molo.test.m5.AppDatailTest"/>
  <testcase name="authorapp_isOk" time="0.195" classname="com.molo.test.m5.AppDatailTest"/>
</testsuite> <!-- com.molo.test.m5.AppDatailTest -->
