<?xml version="1.0" encoding="UTF-8"?>
<!-- Generated by org.testng.reporters.JUnitReportReporter -->
<testsuite hostname="noahyang-PC0" name="com.molo.test.m5.AppCategoryTest" tests="1" failures="0" timestamp="1 Dec 2014 01:01:42 GMT" time="1.011" errors="0">
  <testcase name="tagAppListTest" time="1.011" classname="com.molo.test.m5.AppCategoryTest"/>
</testsuite> <!-- com.molo.test.m5.AppCategoryTest -->
