<?xml version="1.0" encoding="UTF-8"?>
<!-- Generated by org.testng.reporters.JUnitReportReporter -->
<testsuite hostname="noahyang-PC0" name="com.molo.test.m5.MainPageTest" tests="50" failures="0" timestamp="23 Dec 2014 02:08:23 GMT" time="62.632" errors="0">
  <testcase name="recommandApps_isOk" time="0.783" classname="com.molo.test.m5.MainPageTest"/>
  <testcase name="recommandApps_isOk" time="0.694" classname="com.molo.test.m5.MainPageTest"/>
  <testcase name="recommandApps_isOk" time="0.882" classname="com.molo.test.m5.MainPageTest"/>
  <testcase name="recommandApps_isOk" time="0.711" classname="com.molo.test.m5.MainPageTest"/>
  <testcase name="recommandApps_isOk" time="0.880" classname="com.molo.test.m5.MainPageTest"/>
  <testcase name="recommandApps_isOk" time="0.738" classname="com.molo.test.m5.MainPageTest"/>
  <testcase name="recommandApps_isOk" time="3.197" classname="com.molo.test.m5.MainPageTest"/>
  <testcase name="recommandApps_isOk" time="0.722" classname="com.molo.test.m5.MainPageTest"/>
  <testcase name="recommandApps_isOk" time="0.679" classname="com.molo.test.m5.MainPageTest"/>
  <testcase name="recommandApps_isOk" time="3.742" classname="com.molo.test.m5.MainPageTest"/>
  <testcase name="recommandApps_isOk" time="0.888" classname="com.molo.test.m5.MainPageTest"/>
  <testcase name="recommandApps_isOk" time="0.914" classname="com.molo.test.m5.MainPageTest"/>
  <testcase name="recommandApps_isOk" time="0.735" classname="com.molo.test.m5.MainPageTest"/>
  <testcase name="recommandApps_isOk" time="0.786" classname="com.molo.test.m5.MainPageTest"/>
  <testcase name="recommandApps_isOk" time="3.724" classname="com.molo.test.m5.MainPageTest"/>
  <testcase name="recommandApps_isOk" time="0.814" classname="com.molo.test.m5.MainPageTest"/>
  <testcase name="recommandApps_isOk" time="0.753" classname="com.molo.test.m5.MainPageTest"/>
  <testcase name="recommandApps_isOk" time="0.862" classname="com.molo.test.m5.MainPageTest"/>
  <testcase name="recommandApps_isOk" time="0.736" classname="com.molo.test.m5.MainPageTest"/>
  <testcase name="recommandApps_isOk" time="1.083" classname="com.molo.test.m5.MainPageTest"/>
  <testcase name="recommandApps_isOk" time="0.914" classname="com.molo.test.m5.MainPageTest"/>
  <testcase name="recommandApps_isOk" time="0.678" classname="com.molo.test.m5.MainPageTest"/>
  <testcase name="recommandApps_isOk" time="0.763" classname="com.molo.test.m5.MainPageTest"/>
  <testcase name="recommandApps_isOk" time="0.868" classname="com.molo.test.m5.MainPageTest"/>
  <testcase name="recommandApps_isOk" time="0.847" classname="com.molo.test.m5.MainPageTest"/>
  <testcase name="recommandApps_isOk" time="4.105" classname="com.molo.test.m5.MainPageTest"/>
  <testcase name="recommandApps_isOk" time="0.654" classname="com.molo.test.m5.MainPageTest"/>
  <testcase name="recommandApps_isOk" time="3.652" classname="com.molo.test.m5.MainPageTest"/>
  <testcase name="recommandApps_isOk" time="0.654" classname="com.molo.test.m5.MainPageTest"/>
  <testcase name="recommandApps_isOk" time="1.039" classname="com.molo.test.m5.MainPageTest"/>
  <testcase name="recommandApps_isOk" time="0.687" classname="com.molo.test.m5.MainPageTest"/>
  <testcase name="recommandApps_isOk" time="0.680" classname="com.molo.test.m5.MainPageTest"/>
  <testcase name="recommandApps_isOk" time="1.096" classname="com.molo.test.m5.MainPageTest"/>
  <testcase name="recommandApps_isOk" time="2.613" classname="com.molo.test.m5.MainPageTest"/>
  <testcase name="recommandApps_isOk" time="0.825" classname="com.molo.test.m5.MainPageTest"/>
  <testcase name="recommandApps_isOk" time="0.685" classname="com.molo.test.m5.MainPageTest"/>
  <testcase name="recommandApps_isOk" time="0.854" classname="com.molo.test.m5.MainPageTest"/>
  <testcase name="recommandApps_isOk" time="0.708" classname="com.molo.test.m5.MainPageTest"/>
  <testcase name="recommandApps_isOk" time="0.979" classname="com.molo.test.m5.MainPageTest"/>
  <testcase name="recommandApps_isOk" time="0.722" classname="com.molo.test.m5.MainPageTest"/>
  <testcase name="recommandApps_isOk" time="2.480" classname="com.molo.test.m5.MainPageTest"/>
  <testcase name="recommandApps_isOk" time="5.397" classname="com.molo.test.m5.MainPageTest"/>
  <testcase name="recommandApps_isOk" time="0.832" classname="com.molo.test.m5.MainPageTest"/>
  <testcase name="recommandApps_isOk" time="0.736" classname="com.molo.test.m5.MainPageTest"/>
  <testcase name="recommandApps_isOk" time="0.934" classname="com.molo.test.m5.MainPageTest"/>
  <testcase name="recommandApps_isOk" time="0.890" classname="com.molo.test.m5.MainPageTest"/>
  <testcase name="recommandApps_isOk" time="0.647" classname="com.molo.test.m5.MainPageTest"/>
  <testcase name="recommandApps_isOk" time="0.756" classname="com.molo.test.m5.MainPageTest"/>
  <testcase name="recommandApps_isOk" time="0.930" classname="com.molo.test.m5.MainPageTest"/>
  <testcase name="recommandApps_isOk" time="0.684" classname="com.molo.test.m5.MainPageTest"/>
</testsuite> <!-- com.molo.test.m5.MainPageTest -->
