<?xml version="1.0" encoding="UTF-8"?>
<!-- Generated by org.testng.reporters.JUnitReportReporter -->
<testsuite hostname="noahyang-PC0" name="com.molo.taftest.MdbInfoTest" tests="1" failures="0" timestamp="19 Nov 2014 08:54:53 GMT" time="0.410" errors="0">
  <testcase name="QueryMdbInfo_isOk" time="0.410" classname="com.molo.taftest.MdbInfoTest"/>
</testsuite> <!-- com.molo.taftest.MdbInfoTest -->
