<?xml version="1.0" encoding="UTF-8"?>
<!-- Generated by org.testng.reporters.JUnitReportReporter -->
<testsuite hostname="noahyang-PC0" name="com.molo.taftest.ClientUpdateTest" tests="2" failures="0" timestamp="9 Dec 2014 02:50:09 GMT" time="0.829" errors="0">
  <testcase name="RuleDemo1" time="0.134" classname="com.molo.taftest.ClientUpdateTest"/>
  <testcase name="RuleDemo1" time="0.695" classname="com.molo.taftest.ClientUpdateTest"/>
</testsuite> <!-- com.molo.taftest.ClientUpdateTest -->
