<?xml version="1.0" encoding="UTF-8"?>
<!-- Generated by org.testng.reporters.JUnitReportReporter -->
<testsuite hostname="noahyang-PC0" name="com.molo.taftest.UnitConnTest" tests="1" failures="0" timestamp="17 Dec 2014 08:41:33 GMT" time="0.389" errors="0">
  <testcase name="QueryComponentInfo_isOk" time="0.389" classname="com.molo.taftest.UnitConnTest"/>
</testsuite> <!-- com.molo.taftest.UnitConnTest -->
