<?xml version="1.0" encoding="UTF-8"?>
<!-- Generated by org.testng.reporters.JUnitReportReporter -->
<testsuite hostname="noahyang-PC0" name="com.molo.taftest.DockUnitConnInfoTest" tests="1" failures="0" timestamp="3 Dec 2014 07:38:46 GMT" time="0.305" errors="0">
  <testcase name="DockConnInfo" time="0.305" classname="com.molo.taftest.DockUnitConnInfoTest"/>
</testsuite> <!-- com.molo.taftest.DockUnitConnInfoTest -->
