<?xml version="1.0" encoding="UTF-8"?>
<!-- Generated by org.testng.reporters.JUnitReportReporter -->
<testsuite hostname="noahyang-PC0" name="com.molo.taftest.DockInfoTest" tests="1" failures="0" timestamp="17 Dec 2014 03:56:57 GMT" time="0.300" errors="0">
  <testcase name="getInfo" time="0.300" classname="com.molo.taftest.DockInfoTest"/>
</testsuite> <!-- com.molo.taftest.DockInfoTest -->
