<?xml version="1.0" encoding="UTF-8"?>
<!-- Generated by org.testng.reporters.JUnitReportReporter -->
<testsuite hostname="noahyang-PC0" name="com.molo.taftest.ConnServiceInvalid" tests="1" failures="0" timestamp="24 Nov 2014 07:47:21 GMT" time="0.439" errors="0">
  <testcase name="QueryConnServiceInvalid_isOk" time="0.439" classname="com.molo.taftest.ConnServiceInvalid"/>
</testsuite> <!-- com.molo.taftest.ConnServiceInvalid -->
